0 info it worked if it ends with ok
1 verbose cli [ 'C:\\Program Files\\nodejs\\node.exe',
1 verbose cli   'C:\\Program Files\\nodejs\\node_modules\\npm\\bin\\npm-cli.js',
1 verbose cli   'start' ]
2 info using npm@3.10.3
3 info using node@v6.3.1
4 verbose run-script [ 'prestart', 'start', 'poststart' ]
5 info lifecycle myinstaller@1.0.0~prestart: myinstaller@1.0.0
6 silly lifecycle myinstaller@1.0.0~prestart: no script for prestart, continuing
7 info lifecycle myinstaller@1.0.0~start: myinstaller@1.0.0
8 verbose lifecycle myinstaller@1.0.0~start: unsafe-perm in lifecycle true
9 verbose lifecycle myinstaller@1.0.0~start: PATH: C:\Program Files\nodejs\node_modules\npm\bin\node-gyp-bin;C:\data\git\electron-react\node_modules\.bin;C:\Program Files\nodejs;C:\Users\PTI\bin;C:\Program Files\Git\mingw64\bin;C:\Program Files\Git\usr\local\bin;C:\Program Files\Git\usr\bin;C:\Program Files\Git\usr\bin;C:\Program Files\Git\mingw64\bin;C:\Program Files\Git\usr\bin;C:\Users\PTI\bin;C:\Program Files\Docker\Docker\Resources\bin;C:\Program Files\Microsoft MPI\Bin;C:\app\client\PTI\product\12.1.0\client_1\bin;C:\ProgramData\Oracle\Java\javapath;C:\WINDOWS\system32;C:\WINDOWS;C:\WINDOWS\System32\Wbem;C:\WINDOWS\System32\WindowsPowerShell\v1.0;C:\Program Files (x86)\PuTTY;C:\Program Files\Git\cmd;C:\Program Files\nodejs;C:\HashiCorp\Vagrant\bin;C:\Program Files (x86)\Enterprise Vault\EVClient;C:\Program Files (x86)\Microsoft SQL Server\130\Tools\Binn;C:\Program Files\Microsoft SQL Server\130\Tools\Binn;C:\Program Files (x86)\Microsoft SQL Server\130\DTS\Binn;C:\Program Files\Microsoft SQL Server\130\DTS\Binn;C:\Program Files\Microsoft SQL Server\Client SDK\ODBC\130\Tools\Binn;C:\Program Files (x86)\Microsoft SQL Server\Client SDK\ODBC\130\Tools\Binn;C:\Program Files (x86)\Microsoft SQL Server\130\Tools\Binn\ManagementStudio;C:\Users\PTI\AppData\Roaming\npm;C:\Program Files (x86)\Microsoft VS Code\bin;C:\Users\PTI\AppData\Local\Microsoft\WindowsApps;C:\Program Files\Git\usr\bin\vendor_perl;C:\Program Files\Git\usr\bin\core_perl
10 verbose lifecycle myinstaller@1.0.0~start: CWD: C:\data\git\electron-react
11 silly lifecycle myinstaller@1.0.0~start: Args: [ '/d /s /c', 'electron-forge start' ]
12 silly lifecycle myinstaller@1.0.0~start: Returned: code: 1  signal: null
13 info lifecycle myinstaller@1.0.0~start: Failed to exec start script
14 verbose stack Error: myinstaller@1.0.0 start: `electron-forge start`
14 verbose stack Exit status 1
14 verbose stack     at EventEmitter.<anonymous> (C:\Program Files\nodejs\node_modules\npm\lib\utils\lifecycle.js:242:16)
14 verbose stack     at emitTwo (events.js:106:13)
14 verbose stack     at EventEmitter.emit (events.js:191:7)
14 verbose stack     at ChildProcess.<anonymous> (C:\Program Files\nodejs\node_modules\npm\lib\utils\spawn.js:40:14)
14 verbose stack     at emitTwo (events.js:106:13)
14 verbose stack     at ChildProcess.emit (events.js:191:7)
14 verbose stack     at maybeClose (internal/child_process.js:852:16)
14 verbose stack     at Process.ChildProcess._handle.onexit (internal/child_process.js:215:5)
15 verbose pkgid myinstaller@1.0.0
16 verbose cwd C:\data\git\electron-react
17 error Windows_NT 10.0.14393
18 error argv "C:\\Program Files\\nodejs\\node.exe" "C:\\Program Files\\nodejs\\node_modules\\npm\\bin\\npm-cli.js" "start"
19 error node v6.3.1
20 error npm  v3.10.3
21 error code ELIFECYCLE
22 error myinstaller@1.0.0 start: `electron-forge start`
22 error Exit status 1
23 error Failed at the myinstaller@1.0.0 start script 'electron-forge start'.
23 error Make sure you have the latest version of node.js and npm installed.
23 error If you do, this is most likely a problem with the myinstaller package,
23 error not with npm itself.
23 error Tell the author that this fails on your system:
23 error     electron-forge start
23 error You can get information on how to open an issue for this project with:
23 error     npm bugs myinstaller
23 error Or if that isn't available, you can get their info via:
23 error     npm owner ls myinstaller
23 error There is likely additional logging output above.
24 verbose exit [ 1, true ]
